New macOS version detected
Dumping headers...
/Users/w0lf/Documents/GitHub/macOS_headers/macOS/Applications/AltServer/40
AltServer : 40
Dumping headers for : /Applications/AltServer.app
Successfully dumped unprotected file

/Users/w0lf/Documents/GitHub/macOS_headers/macOS/Applications/Epic Games Launcher/10.19.2
Epic Games Launcher : 10.19.2
Dumping headers for : /Applications/Epic Games Launcher.app
Successfully dumped unprotected file

/Users/w0lf/Documents/GitHub/macOS_headers/macOS/Applications/Gifski/41
Gifski : 41
Dumping headers for : /Applications/Gifski.app
Successfully dumped unprotected file

/Users/w0lf/Documents/GitHub/macOS_headers/macOS/Applications/Google Chrome/4240.183
Google Chrome : 4240.183
Dumping headers for : /Applications/Google Chrome.app
Successfully dumped unprotected file

/Users/w0lf/Documents/GitHub/macOS_headers/macOS/Applications/Itsycal/2043
Itsycal : 2043
Dumping headers for : /Applications/Itsycal.app
Successfully dumped unprotected file

/Users/w0lf/Documents/GitHub/macOS_headers/macOS/Applications/Logi Options/8.34.91
Logi Options : 8.34.91
Dumping headers for : /Applications/Logi Options.app
Successfully dumped unprotected file

/Users/w0lf/Documents/GitHub/macOS_headers/macOS/Applications/RunCat/8.5.0
RunCat : 8.5.0
Dumping headers for : /Applications/RunCat.app
Successfully dumped unprotected file

/Users/w0lf/Documents/GitHub/macOS_headers/macOS/Applications/Safari/16610.2.11.51.7
Safari : 16610.2.11.51.7
Dumping headers for : /Applications/Safari.app
Successfully dumped unprotected file

/Users/w0lf/Documents/GitHub/macOS_headers/macOS/Applications/iTerm/3.4.0beta12
iTerm : 3.4.0beta12
Dumping headers for : /Applications/iTerm.app
Successfully dumped unprotected file

/Users/w0lf/Documents/GitHub/macOS_headers/macOS/Utilities/LogiMgr Uninstaller/8.34.91
LogiMgr Uninstaller : 8.34.91
Dumping headers for : /Applications/Utilities/LogiMgr Uninstaller.app
Successfully dumped unprotected file

/Users/w0lf/Documents/GitHub/macOS_headers/macOS/Applications/App Store/1005.2.20
App Store : 1005.2.20
Dumping headers for : /System/Applications/App Store.app
Successfully dumped unprotected file

/Users/w0lf/Documents/GitHub/macOS_headers/macOS/Applications/FindMy/173.0.4
FindMy : 173.0.4
Dumping headers for : /System/Applications/FindMy.app
Successfully dumped unprotected file

/Users/w0lf/Documents/GitHub/macOS_headers/macOS/Applications/Mail/3654.20.0.2.21
Mail : 3654.20.0.2.21
Dumping headers for : /System/Applications/Mail.app
Successfully dumped unprotected file

/Users/w0lf/Documents/GitHub/macOS_headers/macOS/Applications/Maps/2608.20.8.12.50
Maps : 2608.20.8.12.50
Dumping headers for : /System/Applications/Maps.app
Successfully dumped unprotected file

/Users/w0lf/Documents/GitHub/macOS_headers/macOS/Applications/Music/1.1.1
Music : 1.1.1
Dumping headers for : /System/Applications/Music.app
Successfully dumped unprotected file

/Users/w0lf/Documents/GitHub/macOS_headers/macOS/Applications/Notes/1790
Notes : 1790
Dumping headers for : /System/Applications/Notes.app
Successfully dumped unprotected file

/Users/w0lf/Documents/GitHub/macOS_headers/macOS/Applications/Photo Booth/1127
Photo Booth : 1127
Dumping headers for : /System/Applications/Photo Booth.app
Successfully dumped unprotected file

/Users/w0lf/Documents/GitHub/macOS_headers/macOS/Applications/TV/1.1.1
TV : 1.1.1
Dumping headers for : /System/Applications/TV.app
Successfully dumped unprotected file

/Users/w0lf/Documents/GitHub/macOS_headers/macOS/Utilities/Boot Camp Assistant/6272.50.1
Boot Camp Assistant : 6272.50.1
Dumping headers for : /System/Applications/Utilities/Boot Camp Assistant.app
Successfully dumped unprotected file

/Users/w0lf/Documents/GitHub/macOS_headers/macOS/Utilities/VoiceOver Utility/761.2
VoiceOver Utility : 761.2
Dumping headers for : /System/Applications/Utilities/VoiceOver Utility.app
Successfully dumped unprotected file

/Users/w0lf/Documents/GitHub/macOS_headers/macOS/Frameworks/AVFoundation/22
AVFoundation : 22
Dumping headers for : /System/Library/Frameworks/AVFoundation.framework
Successfully dumped unprotected file

/Users/w0lf/Documents/GitHub/macOS_headers/macOS/Frameworks/ApplicationServices/3620
ApplicationServices : 3620
Dumping headers for : /System/Library/Frameworks/ApplicationServices.framework
Successfully dumped unprotected file

/Users/w0lf/Documents/GitHub/macOS_headers/macOS/Frameworks/Carbon/4688
Carbon : 4688
Dumping headers for : /System/Library/Frameworks/Carbon.framework
Successfully dumped unprotected file

/Users/w0lf/Documents/GitHub/macOS_headers/macOS/Frameworks/Cocoa/16540
Cocoa : 16540
Dumping headers for : /System/Library/Frameworks/Cocoa.framework
Successfully dumped unprotected file

/Users/w0lf/Documents/GitHub/macOS_headers/macOS/Frameworks/CoreImage/2
CoreImage : 2
Dumping headers for : /System/Library/Frameworks/CoreImage.framework
Successfully dumped unprotected file

/Users/w0lf/Documents/GitHub/macOS_headers/macOS/Frameworks/CoreMIDI/32
CoreMIDI : 32
Dumping headers for : /System/Library/Frameworks/CoreMIDI.framework
Successfully dumped unprotected file

/Users/w0lf/Documents/GitHub/macOS_headers/macOS/Frameworks/CoreMIDIServer/32
CoreMIDIServer : 32
Dumping headers for : /System/Library/Frameworks/CoreMIDIServer.framework
Successfully dumped unprotected file

/Users/w0lf/Documents/GitHub/macOS_headers/macOS/Frameworks/CoreMediaIO/1055
CoreMediaIO : 1055
Dumping headers for : /System/Library/Frameworks/CoreMediaIO.framework
Successfully dumped unprotected file

/Users/w0lf/Documents/GitHub/macOS_headers/macOS/Frameworks/CoreServices/4
CoreServices : 4
Dumping headers for : /System/Library/Frameworks/CoreServices.framework
Successfully dumped unprotected file

/Users/w0lf/Documents/GitHub/macOS_headers/macOS/Frameworks/GameController/42
GameController : 42
Dumping headers for : /System/Library/Frameworks/GameController.framework
Successfully dumped unprotected file

/Users/w0lf/Documents/GitHub/macOS_headers/macOS/Frameworks/GameKit/204
GameKit : 204
Dumping headers for : /System/Library/Frameworks/GameKit.framework
Successfully dumped unprotected file

/Users/w0lf/Documents/GitHub/macOS_headers/macOS/Frameworks/IOKit/5
IOKit : 5
Dumping headers for : /System/Library/Frameworks/IOKit.framework
Successfully dumped unprotected file

/Users/w0lf/Documents/GitHub/macOS_headers/macOS/Frameworks/IOUSBHost/4
IOUSBHost : 4
Dumping headers for : /System/Library/Frameworks/IOUSBHost.framework
Successfully dumped unprotected file

/Users/w0lf/Documents/GitHub/macOS_headers/macOS/Frameworks/InputMethodKit/15
InputMethodKit : 15
Dumping headers for : /System/Library/Frameworks/InputMethodKit.framework
Successfully dumped unprotected file

/Users/w0lf/Documents/GitHub/macOS_headers/macOS/Frameworks/KernelManagement/2
KernelManagement : 2
Dumping headers for : /System/Library/Frameworks/KernelManagement.framework
Successfully dumped unprotected file

/Users/w0lf/Documents/GitHub/macOS_headers/macOS/Frameworks/NetworkingDriverKit/293
NetworkingDriverKit : 293
Dumping headers for : /System/Library/Frameworks/NetworkingDriverKit.framework
Successfully dumped unprotected file

/Users/w0lf/Documents/GitHub/macOS_headers/macOS/Frameworks/NotificationCenter/2
NotificationCenter : 2
Dumping headers for : /System/Library/Frameworks/NotificationCenter.framework
Successfully dumped unprotected file

/Users/w0lf/Documents/GitHub/macOS_headers/macOS/Frameworks/OpenGL/2
OpenGL : 2
Dumping headers for : /System/Library/Frameworks/OpenGL.framework
Successfully dumped unprotected file

/Users/w0lf/Documents/GitHub/macOS_headers/macOS/Frameworks/PCIDriverKit/41
PCIDriverKit : 41
Dumping headers for : /System/Library/Frameworks/PCIDriverKit.framework
Successfully dumped unprotected file

/Users/w0lf/Documents/GitHub/macOS_headers/macOS/Frameworks/ParavirtualizedGraphics/1853
ParavirtualizedGraphics : 1853
Dumping headers for : /System/Library/Frameworks/ParavirtualizedGraphics.framework
Successfully dumped unprotected file

/Users/w0lf/Documents/GitHub/macOS_headers/macOS/Frameworks/PassKit/179
PassKit : 179
Dumping headers for : /System/Library/Frameworks/PassKit.framework
Successfully dumped unprotected file

/Users/w0lf/Documents/GitHub/macOS_headers/macOS/Frameworks/Quartz/1606
Quartz : 1606
Dumping headers for : /System/Library/Frameworks/Quartz.framework
Successfully dumped unprotected file

/Users/w0lf/Documents/GitHub/macOS_headers/macOS/Frameworks/RealityKit/21
RealityKit : 21
Dumping headers for : /System/Library/Frameworks/RealityKit.framework
Successfully dumped unprotected file

/Users/w0lf/Documents/GitHub/macOS_headers/macOS/Frameworks/System/84
System : 84
Dumping headers for : /System/Library/Frameworks/System.framework
Successfully dumped unprotected file

/Users/w0lf/Documents/GitHub/macOS_headers/macOS/Frameworks/USBDriverKit/4
USBDriverKit : 4
Dumping headers for : /System/Library/Frameworks/USBDriverKit.framework
Successfully dumped unprotected file

/Users/w0lf/Documents/GitHub/macOS_headers/macOS/Frameworks/_AuthenticationServices_SwiftUI/2
_AuthenticationServices_SwiftUI : 2
Dumping headers for : /System/Library/Frameworks/_AuthenticationServices_SwiftUI.framework
Successfully dumped unprotected file

/Users/w0lf/Documents/GitHub/macOS_headers/macOS/Frameworks/_MapKit_SwiftUI/472
_MapKit_SwiftUI : 472
Dumping headers for : /System/Library/Frameworks/_MapKit_SwiftUI.framework
Successfully dumped unprotected file

/Users/w0lf/Documents/GitHub/macOS_headers/macOS/Frameworks/_QuickLook_SwiftUI/1355
_QuickLook_SwiftUI : 1355
Dumping headers for : /System/Library/Frameworks/_QuickLook_SwiftUI.framework
Successfully dumped unprotected file

/Users/w0lf/Documents/GitHub/macOS_headers/macOS/Frameworks/_SceneKit_SwiftUI/1765
_SceneKit_SwiftUI : 1765
Dumping headers for : /System/Library/Frameworks/_SceneKit_SwiftUI.framework
Successfully dumped unprotected file

/Users/w0lf/Documents/GitHub/macOS_headers/macOS/Frameworks/_SpriteKit_SwiftUI/4369
_SpriteKit_SwiftUI : 4369
Dumping headers for : /System/Library/Frameworks/_SpriteKit_SwiftUI.framework
Successfully dumped unprotected file

/Users/w0lf/Documents/GitHub/macOS_headers/macOS/Frameworks/_StoreKit_SwiftUI/78
_StoreKit_SwiftUI : 78
Dumping headers for : /System/Library/Frameworks/_StoreKit_SwiftUI.framework
Successfully dumped unprotected file

/Users/w0lf/Documents/GitHub/macOS_headers/macOS/Frameworks/iTunesLibrary/2
iTunesLibrary : 2
Dumping headers for : /System/Library/Frameworks/iTunesLibrary.framework
Successfully dumped unprotected file

/Users/w0lf/Documents/GitHub/macOS_headers/macOS/PrivateFrameworks/AGXCompilerCore/2
AGXCompilerCore : 2
Dumping headers for : /System/Library/PrivateFrameworks/AGXCompilerCore.framework
Successfully dumped unprotected file

/Users/w0lf/Documents/GitHub/macOS_headers/macOS/PrivateFrameworks/AGXGPURawCounter/2
AGXGPURawCounter : 2
Dumping headers for : /System/Library/PrivateFrameworks/AGXGPURawCounter.framework
Successfully dumped unprotected file

/Users/w0lf/Documents/GitHub/macOS_headers/macOS/PrivateFrameworks/AMPDevices/2
AMPDevices : 2
Dumping headers for : /System/Library/PrivateFrameworks/AMPDevices.framework
Successfully dumped unprotected file

/Users/w0lf/Documents/GitHub/macOS_headers/macOS/PrivateFrameworks/AMPLibrary/2
AMPLibrary : 2
Dumping headers for : /System/Library/PrivateFrameworks/AMPLibrary.framework
Successfully dumped unprotected file

/Users/w0lf/Documents/GitHub/macOS_headers/macOS/PrivateFrameworks/AMPSharing/2
AMPSharing : 2
Dumping headers for : /System/Library/PrivateFrameworks/AMPSharing.framework
Successfully dumped unprotected file

/Users/w0lf/Documents/GitHub/macOS_headers/macOS/PrivateFrameworks/APFS/4
APFS : 4
Dumping headers for : /System/Library/PrivateFrameworks/APFS.framework
Successfully dumped unprotected file

/Users/w0lf/Documents/GitHub/macOS_headers/macOS/PrivateFrameworks/APTransport/26
APTransport : 26
Dumping headers for : /System/Library/PrivateFrameworks/APTransport.framework
Successfully dumped unprotected file

/Users/w0lf/Documents/GitHub/macOS_headers/macOS/PrivateFrameworks/ASOctaneSupport/2
ASOctaneSupport : 2
Dumping headers for : /System/Library/PrivateFrameworks/ASOctaneSupport.framework
Successfully dumped unprotected file

/Users/w0lf/Documents/GitHub/macOS_headers/macOS/PrivateFrameworks/AVConference/17
AVConference : 17
Dumping headers for : /System/Library/PrivateFrameworks/AVConference.framework
Successfully dumped unprotected file

/Users/w0lf/Documents/GitHub/macOS_headers/macOS/PrivateFrameworks/AVFCapture/2
AVFCapture : 2
Dumping headers for : /System/Library/PrivateFrameworks/AVFCapture.framework
Successfully dumped unprotected file

/Users/w0lf/Documents/GitHub/macOS_headers/macOS/PrivateFrameworks/AVFCore/22
AVFCore : 22
Dumping headers for : /System/Library/PrivateFrameworks/AVFCore.framework
Successfully dumped unprotected file

/Users/w0lf/Documents/GitHub/macOS_headers/macOS/PrivateFrameworks/AVFoundationCF/56
AVFoundationCF : 56
Dumping headers for : /System/Library/PrivateFrameworks/AVFoundationCF.framework
Successfully dumped unprotected file

/Users/w0lf/Documents/GitHub/macOS_headers/macOS/PrivateFrameworks/Admin/33
Admin : 33
Dumping headers for : /System/Library/PrivateFrameworks/Admin.framework
Successfully dumped unprotected file

/Users/w0lf/Documents/GitHub/macOS_headers/macOS/PrivateFrameworks/AirPlayReceiver/26
AirPlayReceiver : 26
Dumping headers for : /System/Library/PrivateFrameworks/AirPlayReceiver.framework
Successfully dumped unprotected file

/Users/w0lf/Documents/GitHub/macOS_headers/macOS/PrivateFrameworks/AirPlaySender/26
AirPlaySender : 26
Dumping headers for : /System/Library/PrivateFrameworks/AirPlaySender.framework
Successfully dumped unprotected file

/Users/w0lf/Documents/GitHub/macOS_headers/macOS/PrivateFrameworks/AirPlaySupport/26
AirPlaySupport : 26
Dumping headers for : /System/Library/PrivateFrameworks/AirPlaySupport.framework
Successfully dumped unprotected file

/Users/w0lf/Documents/GitHub/macOS_headers/macOS/PrivateFrameworks/AirPlaySync/17
AirPlaySync : 17
Dumping headers for : /System/Library/PrivateFrameworks/AirPlaySync.framework
Successfully dumped unprotected file

/Users/w0lf/Documents/GitHub/macOS_headers/macOS/PrivateFrameworks/AnnotationKit/101
AnnotationKit : 101
Dumping headers for : /System/Library/PrivateFrameworks/AnnotationKit.framework
Successfully dumped unprotected file

/Users/w0lf/Documents/GitHub/macOS_headers/macOS/PrivateFrameworks/AppStoreComponents/65
AppStoreComponents : 65
Dumping headers for : /System/Library/PrivateFrameworks/AppStoreComponents.framework
Successfully dumped unprotected file

/Users/w0lf/Documents/GitHub/macOS_headers/macOS/PrivateFrameworks/AppStoreKit/3
AppStoreKit : 3
Dumping headers for : /System/Library/PrivateFrameworks/AppStoreKit.framework
Successfully dumped unprotected file

/Users/w0lf/Documents/GitHub/macOS_headers/macOS/PrivateFrameworks/AppStoreUI/2
AppStoreUI : 2
Dumping headers for : /System/Library/PrivateFrameworks/AppStoreUI.framework
Successfully dumped unprotected file

/Users/w0lf/Documents/GitHub/macOS_headers/macOS/PrivateFrameworks/AppleAppSupport/1606
AppleAppSupport : 1606
Dumping headers for : /System/Library/PrivateFrameworks/AppleAppSupport.framework
Successfully dumped unprotected file

/Users/w0lf/Documents/GitHub/macOS_headers/macOS/PrivateFrameworks/AppleFirmwareUpdate/180
AppleFirmwareUpdate : 180
Dumping headers for : /System/Library/PrivateFrameworks/AppleFirmwareUpdate.framework
Successfully dumped unprotected file

/Users/w0lf/Documents/GitHub/macOS_headers/macOS/PrivateFrameworks/AppleHIDTransportSupport/1369
AppleHIDTransportSupport : 1369
Dumping headers for : /System/Library/PrivateFrameworks/AppleHIDTransportSupport.framework
Successfully dumped unprotected file

/Users/w0lf/Documents/GitHub/macOS_headers/macOS/PrivateFrameworks/AppleMediaServices/2
AppleMediaServices : 2
Dumping headers for : /System/Library/PrivateFrameworks/AppleMediaServices.framework
Successfully dumped unprotected file

/Users/w0lf/Documents/GitHub/macOS_headers/macOS/PrivateFrameworks/AppleMediaServicesUIDynamic/2
AppleMediaServicesUIDynamic : 2
Dumping headers for : /System/Library/PrivateFrameworks/AppleMediaServicesUIDynamic.framework
Successfully dumped unprotected file

/Users/w0lf/Documents/GitHub/macOS_headers/macOS/PrivateFrameworks/AppleNVMe/565
AppleNVMe : 565
Dumping headers for : /System/Library/PrivateFrameworks/AppleNVMe.framework
Successfully dumped unprotected file

/Users/w0lf/Documents/GitHub/macOS_headers/macOS/PrivateFrameworks/ApplePDPHelper/14103
ApplePDPHelper : 14103
Dumping headers for : /System/Library/PrivateFrameworks/ApplePDPHelper.framework
Successfully dumped unprotected file

/Users/w0lf/Documents/GitHub/macOS_headers/macOS/PrivateFrameworks/BlastDoor/1579
BlastDoor : 1579
Dumping headers for : /System/Library/PrivateFrameworks/BlastDoor.framework
Successfully dumped unprotected file

/Users/w0lf/Documents/GitHub/macOS_headers/macOS/PrivateFrameworks/BridgeOSSoftwareUpdate/3048
BridgeOSSoftwareUpdate : 3048
Dumping headers for : /System/Library/PrivateFrameworks/BridgeOSSoftwareUpdate.framework
Successfully dumped unprotected file

/Users/w0lf/Documents/GitHub/macOS_headers/macOS/PrivateFrameworks/CMCapture/2
CMCapture : 2
Dumping headers for : /System/Library/PrivateFrameworks/CMCapture.framework
Successfully dumped unprotected file

/Users/w0lf/Documents/GitHub/macOS_headers/macOS/PrivateFrameworks/CMCaptureCore/2
CMCaptureCore : 2
Dumping headers for : /System/Library/PrivateFrameworks/CMCaptureCore.framework
Successfully dumped unprotected file

/Users/w0lf/Documents/GitHub/macOS_headers/macOS/PrivateFrameworks/CPMS/309
CPMS : 309
Dumping headers for : /System/Library/PrivateFrameworks/CPMS.framework
Successfully dumped unprotected file

/Users/w0lf/Documents/GitHub/macOS_headers/macOS/PrivateFrameworks/CSCSupport/171
CSCSupport : 171
Dumping headers for : /System/Library/PrivateFrameworks/CSCSupport.framework
Successfully dumped unprotected file

/Users/w0lf/Documents/GitHub/macOS_headers/macOS/PrivateFrameworks/CalendarWidget/682
CalendarWidget : 682
Dumping headers for : /System/Library/PrivateFrameworks/CalendarWidget.framework
Successfully dumped unprotected file

/Users/w0lf/Documents/GitHub/macOS_headers/macOS/PrivateFrameworks/ChronoUIServices/2
ChronoUIServices : 2
Dumping headers for : /System/Library/PrivateFrameworks/ChronoUIServices.framework
Successfully dumped unprotected file

/Users/w0lf/Documents/GitHub/macOS_headers/macOS/PrivateFrameworks/CommerceKit/2
CommerceKit : 2
Dumping headers for : /System/Library/PrivateFrameworks/CommerceKit.framework
Successfully dumped unprotected file

/Users/w0lf/Documents/GitHub/macOS_headers/macOS/PrivateFrameworks/ContactsUICore/48
ContactsUICore : 48
Dumping headers for : /System/Library/PrivateFrameworks/ContactsUICore.framework
Successfully dumped unprotected file

/Users/w0lf/Documents/GitHub/macOS_headers/macOS/PrivateFrameworks/ControlCenter/22
ControlCenter : 22
Dumping headers for : /System/Library/PrivateFrameworks/ControlCenter.framework
Successfully dumped unprotected file

/Users/w0lf/Documents/GitHub/macOS_headers/macOS/PrivateFrameworks/ConversationKit/297
ConversationKit : 297
Dumping headers for : /System/Library/PrivateFrameworks/ConversationKit.framework
Successfully dumped unprotected file

/Users/w0lf/Documents/GitHub/macOS_headers/macOS/PrivateFrameworks/CoreAnalytics/1661
CoreAnalytics : 1661
Dumping headers for : /System/Library/PrivateFrameworks/CoreAnalytics.framework
Successfully dumped unprotected file

/Users/w0lf/Documents/GitHub/macOS_headers/macOS/PrivateFrameworks/CoreAutoLayout/28
CoreAutoLayout : 28
Dumping headers for : /System/Library/PrivateFrameworks/CoreAutoLayout.framework
Successfully dumped unprotected file

/Users/w0lf/Documents/GitHub/macOS_headers/macOS/PrivateFrameworks/CoreBrightness/100
CoreBrightness : 100
Dumping headers for : /System/Library/PrivateFrameworks/CoreBrightness.framework
Successfully dumped unprotected file

/Users/w0lf/Documents/GitHub/macOS_headers/macOS/PrivateFrameworks/CoreCapture/1668
CoreCapture : 1668
Dumping headers for : /System/Library/PrivateFrameworks/CoreCapture.framework
Successfully dumped unprotected file

/Users/w0lf/Documents/GitHub/macOS_headers/macOS/PrivateFrameworks/CoreCaptureControl/1668
CoreCaptureControl : 1668
Dumping headers for : /System/Library/PrivateFrameworks/CoreCaptureControl.framework
Successfully dumped unprotected file

/Users/w0lf/Documents/GitHub/macOS_headers/macOS/PrivateFrameworks/CoreCaptureDaemon/1668
CoreCaptureDaemon : 1668
Dumping headers for : /System/Library/PrivateFrameworks/CoreCaptureDaemon.framework
Successfully dumped unprotected file

/Users/w0lf/Documents/GitHub/macOS_headers/macOS/PrivateFrameworks/CoreHapticsTools/8389
CoreHapticsTools : 8389
Dumping headers for : /System/Library/PrivateFrameworks/CoreHapticsTools.framework
Successfully dumped unprotected file

/Users/w0lf/Documents/GitHub/macOS_headers/macOS/PrivateFrameworks/CoreKDL/2671
CoreKDL : 2671
Dumping headers for : /System/Library/PrivateFrameworks/CoreKDL.framework
Successfully dumped unprotected file

/Users/w0lf/Documents/GitHub/macOS_headers/macOS/PrivateFrameworks/CoreKE/31
CoreKE : 31
Dumping headers for : /System/Library/PrivateFrameworks/CoreKE.framework
Successfully dumped unprotected file

/Users/w0lf/Documents/GitHub/macOS_headers/macOS/PrivateFrameworks/CoreUARP/180
CoreUARP : 180
Dumping headers for : /System/Library/PrivateFrameworks/CoreUARP.framework
Successfully dumped unprotected file

/Users/w0lf/Documents/GitHub/macOS_headers/macOS/PrivateFrameworks/CreateML/348
CreateML : 348
Dumping headers for : /System/Library/PrivateFrameworks/CreateML.framework
Successfully dumped unprotected file

/Users/w0lf/Documents/GitHub/macOS_headers/macOS/PrivateFrameworks/DFRBrightness/100
DFRBrightness : 100
Dumping headers for : /System/Library/PrivateFrameworks/DFRBrightness.framework
Successfully dumped unprotected file

/Users/w0lf/Documents/GitHub/macOS_headers/macOS/PrivateFrameworks/DesktopServicesPriv/9
DesktopServicesPriv : 9
Dumping headers for : /System/Library/PrivateFrameworks/DesktopServicesPriv.framework
Successfully dumped unprotected file

/Users/w0lf/Documents/GitHub/macOS_headers/macOS/PrivateFrameworks/DeviceIdentity/695
DeviceIdentity : 695
Dumping headers for : /System/Library/PrivateFrameworks/DeviceIdentity.framework
Successfully dumped unprotected file

/Users/w0lf/Documents/GitHub/macOS_headers/macOS/PrivateFrameworks/DiagnosticExtensionsDaemon/2
DiagnosticExtensionsDaemon : 2
Dumping headers for : /System/Library/PrivateFrameworks/DiagnosticExtensionsDaemon.framework
Successfully dumped unprotected file

/Users/w0lf/Documents/GitHub/macOS_headers/macOS/PrivateFrameworks/DiskImages2/3003
DiskImages2 : 3003
Dumping headers for : /System/Library/PrivateFrameworks/DiskImages2.framework
Successfully dumped unprotected file

/Users/w0lf/Documents/GitHub/macOS_headers/macOS/PrivateFrameworks/DrawingKit/101
DrawingKit : 101
Dumping headers for : /System/Library/PrivateFrameworks/DrawingKit.framework
Successfully dumped unprotected file

/Users/w0lf/Documents/GitHub/macOS_headers/macOS/PrivateFrameworks/DynamicDesktop/6
DynamicDesktop : 6
Dumping headers for : /System/Library/PrivateFrameworks/DynamicDesktop.framework
Successfully dumped unprotected file

/Users/w0lf/Documents/GitHub/macOS_headers/macOS/PrivateFrameworks/EAFirmwareUpdater/180
EAFirmwareUpdater : 180
Dumping headers for : /System/Library/PrivateFrameworks/EAFirmwareUpdater.framework
Successfully dumped unprotected file

/Users/w0lf/Documents/GitHub/macOS_headers/macOS/PrivateFrameworks/EmbeddedOSInstall/1940
EmbeddedOSInstall : 1940
Dumping headers for : /System/Library/PrivateFrameworks/EmbeddedOSInstall.framework
Successfully dumped unprotected file

/Users/w0lf/Documents/GitHub/macOS_headers/macOS/PrivateFrameworks/FWAVC/1055
FWAVC : 1055
Dumping headers for : /System/Library/PrivateFrameworks/FWAVC.framework
Successfully dumped unprotected file

/Users/w0lf/Documents/GitHub/macOS_headers/macOS/PrivateFrameworks/FindMyDevice/2
FindMyDevice : 2
Dumping headers for : /System/Library/PrivateFrameworks/FindMyDevice.framework
Successfully dumped unprotected file

/Users/w0lf/Documents/GitHub/macOS_headers/macOS/PrivateFrameworks/FoundationODR/2
FoundationODR : 2
Dumping headers for : /System/Library/PrivateFrameworks/FoundationODR.framework
Successfully dumped unprotected file

/Users/w0lf/Documents/GitHub/macOS_headers/macOS/PrivateFrameworks/FuseBoardServices/9
FuseBoardServices : 9
Dumping headers for : /System/Library/PrivateFrameworks/FuseBoardServices.framework
Successfully dumped unprotected file

/Users/w0lf/Documents/GitHub/macOS_headers/macOS/PrivateFrameworks/GPUSupport/2
GPUSupport : 2
Dumping headers for : /System/Library/PrivateFrameworks/GPUSupport.framework
Successfully dumped unprotected file

/Users/w0lf/Documents/GitHub/macOS_headers/macOS/PrivateFrameworks/GameCenterFoundation/204
GameCenterFoundation : 204
Dumping headers for : /System/Library/PrivateFrameworks/GameCenterFoundation.framework
Successfully dumped unprotected file

/Users/w0lf/Documents/GitHub/macOS_headers/macOS/PrivateFrameworks/GameCenterUI/204
GameCenterUI : 204
Dumping headers for : /System/Library/PrivateFrameworks/GameCenterUI.framework
Successfully dumped unprotected file

/Users/w0lf/Documents/GitHub/macOS_headers/macOS/PrivateFrameworks/GameCenterUICore/204
GameCenterUICore : 204
Dumping headers for : /System/Library/PrivateFrameworks/GameCenterUICore.framework
Successfully dumped unprotected file

/Users/w0lf/Documents/GitHub/macOS_headers/macOS/PrivateFrameworks/GameKitServices/17
GameKitServices : 17
Dumping headers for : /System/Library/PrivateFrameworks/GameKitServices.framework
Successfully dumped unprotected file

/Users/w0lf/Documents/GitHub/macOS_headers/macOS/PrivateFrameworks/H10ISPServices/357
H10ISPServices : 357
Dumping headers for : /System/Library/PrivateFrameworks/H10ISPServices.framework
Successfully dumped unprotected file

/Users/w0lf/Documents/GitHub/macOS_headers/macOS/PrivateFrameworks/IASUtilities/34
IASUtilities : 34
Dumping headers for : /System/Library/PrivateFrameworks/IASUtilities.framework
Successfully dumped unprotected file

/Users/w0lf/Documents/GitHub/macOS_headers/macOS/PrivateFrameworks/IMCorePipeline/11
IMCorePipeline : 11
Dumping headers for : /System/Library/PrivateFrameworks/IMCorePipeline.framework
Successfully dumped unprotected file

/Users/w0lf/Documents/GitHub/macOS_headers/macOS/PrivateFrameworks/IMSharedUI/11
IMSharedUI : 11
Dumping headers for : /System/Library/PrivateFrameworks/IMSharedUI.framework
Successfully dumped unprotected file

/Users/w0lf/Documents/GitHub/macOS_headers/macOS/PrivateFrameworks/IOCEC/20500
IOCEC : 20500
Dumping headers for : /System/Library/PrivateFrameworks/IOCEC.framework
Successfully dumped unprotected file

/Users/w0lf/Documents/GitHub/macOS_headers/macOS/PrivateFrameworks/IOGPU/620
IOGPU : 620
Dumping headers for : /System/Library/PrivateFrameworks/IOGPU.framework
Successfully dumped unprotected file

/Users/w0lf/Documents/GitHub/macOS_headers/macOS/PrivateFrameworks/IOImageLoader/3076
IOImageLoader : 3076
Dumping headers for : /System/Library/PrivateFrameworks/IOImageLoader.framework
Successfully dumped unprotected file

/Users/w0lf/Documents/GitHub/macOS_headers/macOS/PrivateFrameworks/IOMobileFramebuffer/6
IOMobileFramebuffer : 6
Dumping headers for : /System/Library/PrivateFrameworks/IOMobileFramebuffer.framework
Successfully dumped unprotected file

/Users/w0lf/Documents/GitHub/macOS_headers/macOS/PrivateFrameworks/IOPlatformPluginFamily/1135
IOPlatformPluginFamily : 1135
Dumping headers for : /System/Library/PrivateFrameworks/IOPlatformPluginFamily.framework
Successfully dumped unprotected file

/Users/w0lf/Documents/GitHub/macOS_headers/macOS/PrivateFrameworks/IOSurfaceAccelerator/549
IOSurfaceAccelerator : 549
Dumping headers for : /System/Library/PrivateFrameworks/IOSurfaceAccelerator.framework
Successfully dumped unprotected file

/Users/w0lf/Documents/GitHub/macOS_headers/macOS/PrivateFrameworks/JetEngine/2
JetEngine : 2
Dumping headers for : /System/Library/PrivateFrameworks/JetEngine.framework
Successfully dumped unprotected file

/Users/w0lf/Documents/GitHub/macOS_headers/macOS/PrivateFrameworks/JetUI/2
JetUI : 2
Dumping headers for : /System/Library/PrivateFrameworks/JetUI.framework
Successfully dumped unprotected file

/Users/w0lf/Documents/GitHub/macOS_headers/macOS/PrivateFrameworks/KnowledgeGraphKit/23
KnowledgeGraphKit : 23
Dumping headers for : /System/Library/PrivateFrameworks/KnowledgeGraphKit.framework
Successfully dumped unprotected file

/Users/w0lf/Documents/GitHub/macOS_headers/macOS/PrivateFrameworks/MSUDataAccessor/16
MSUDataAccessor : 16
Dumping headers for : /System/Library/PrivateFrameworks/MSUDataAccessor.framework
Successfully dumped unprotected file

/Users/w0lf/Documents/GitHub/macOS_headers/macOS/PrivateFrameworks/MapsSuggestions/2
MapsSuggestions : 2
Dumping headers for : /System/Library/PrivateFrameworks/MapsSuggestions.framework
Successfully dumped unprotected file

/Users/w0lf/Documents/GitHub/macOS_headers/macOS/PrivateFrameworks/MapsSupport/2
MapsSupport : 2
Dumping headers for : /System/Library/PrivateFrameworks/MapsSupport.framework
Successfully dumped unprotected file

/Users/w0lf/Documents/GitHub/macOS_headers/macOS/PrivateFrameworks/MarkupUI/101
MarkupUI : 101
Dumping headers for : /System/Library/PrivateFrameworks/MarkupUI.framework
Successfully dumped unprotected file

/Users/w0lf/Documents/GitHub/macOS_headers/macOS/PrivateFrameworks/MediaControlSender/26
MediaControlSender : 26
Dumping headers for : /System/Library/PrivateFrameworks/MediaControlSender.framework
Successfully dumped unprotected file

/Users/w0lf/Documents/GitHub/macOS_headers/macOS/PrivateFrameworks/MediaFoundation/6439
MediaFoundation : 6439
Dumping headers for : /System/Library/PrivateFrameworks/MediaFoundation.framework
Successfully dumped unprotected file

/Users/w0lf/Documents/GitHub/macOS_headers/macOS/PrivateFrameworks/MediaMiningKit/23
MediaMiningKit : 23
Dumping headers for : /System/Library/PrivateFrameworks/MediaMiningKit.framework
Successfully dumped unprotected file

/Users/w0lf/Documents/GitHub/macOS_headers/macOS/PrivateFrameworks/MessagesBlastDoorSupport/1579
MessagesBlastDoorSupport : 1579
Dumping headers for : /System/Library/PrivateFrameworks/MessagesBlastDoorSupport.framework
Successfully dumped unprotected file

/Users/w0lf/Documents/GitHub/macOS_headers/macOS/PrivateFrameworks/MessagesHelperKit/11
MessagesHelperKit : 11
Dumping headers for : /System/Library/PrivateFrameworks/MessagesHelperKit.framework
Successfully dumped unprotected file

/Users/w0lf/Documents/GitHub/macOS_headers/macOS/PrivateFrameworks/MessagesKit/11
MessagesKit : 11
Dumping headers for : /System/Library/PrivateFrameworks/MessagesKit.framework
Successfully dumped unprotected file

/Users/w0lf/Documents/GitHub/macOS_headers/macOS/PrivateFrameworks/MiniSoftwareUpdate/286
MiniSoftwareUpdate : 286
Dumping headers for : /System/Library/PrivateFrameworks/MiniSoftwareUpdate.framework
Successfully dumped unprotected file

/Users/w0lf/Documents/GitHub/macOS_headers/macOS/PrivateFrameworks/MobileAccessoryUpdater/180
MobileAccessoryUpdater : 180
Dumping headers for : /System/Library/PrivateFrameworks/MobileAccessoryUpdater.framework
Successfully dumped unprotected file

/Users/w0lf/Documents/GitHub/macOS_headers/macOS/PrivateFrameworks/MobileActivationMacOS/695
MobileActivationMacOS : 695
Dumping headers for : /System/Library/PrivateFrameworks/MobileActivationMacOS.framework
Successfully dumped unprotected file

/Users/w0lf/Documents/GitHub/macOS_headers/macOS/PrivateFrameworks/MobileAssetUpdater/180
MobileAssetUpdater : 180
Dumping headers for : /System/Library/PrivateFrameworks/MobileAssetUpdater.framework
Successfully dumped unprotected file

/Users/w0lf/Documents/GitHub/macOS_headers/macOS/PrivateFrameworks/MobileDevice/573
MobileDevice : 573
Dumping headers for : /System/Library/PrivateFrameworks/MobileDevice.framework
Successfully dumped unprotected file

/Users/w0lf/Documents/GitHub/macOS_headers/macOS/PrivateFrameworks/MobileSoftwareUpdate/12
MobileSoftwareUpdate : 12
Dumping headers for : /System/Library/PrivateFrameworks/MobileSoftwareUpdate.framework
Successfully dumped unprotected file

/Users/w0lf/Documents/GitHub/macOS_headers/macOS/PrivateFrameworks/MobileStorage/1073
MobileStorage : 1073
Dumping headers for : /System/Library/PrivateFrameworks/MobileStorage.framework
Successfully dumped unprotected file

/Users/w0lf/Documents/GitHub/macOS_headers/macOS/PrivateFrameworks/MultiverseSupport/818
MultiverseSupport : 818
Dumping headers for : /System/Library/PrivateFrameworks/MultiverseSupport.framework
Successfully dumped unprotected file

/Users/w0lf/Documents/GitHub/macOS_headers/macOS/PrivateFrameworks/NearField/160
NearField : 160
Dumping headers for : /System/Library/PrivateFrameworks/NearField.framework
Successfully dumped unprotected file

/Users/w0lf/Documents/GitHub/macOS_headers/macOS/PrivateFrameworks/NotificationCenterUI/2
NotificationCenterUI : 2
Dumping headers for : /System/Library/PrivateFrameworks/NotificationCenterUI.framework
Successfully dumped unprotected file

/Users/w0lf/Documents/GitHub/macOS_headers/macOS/PrivateFrameworks/OSInstaller/318
OSInstaller : 318
Dumping headers for : /System/Library/PrivateFrameworks/OSInstaller.framework
Successfully dumped unprotected file

/Users/w0lf/Documents/GitHub/macOS_headers/macOS/PrivateFrameworks/OSPersonalization/896
OSPersonalization : 896
Dumping headers for : /System/Library/PrivateFrameworks/OSPersonalization.framework
Successfully dumped unprotected file

/Users/w0lf/Documents/GitHub/macOS_headers/macOS/PrivateFrameworks/PackageKit/2
PackageKit : 2
Dumping headers for : /System/Library/PrivateFrameworks/PackageKit.framework
Successfully dumped unprotected file

/Users/w0lf/Documents/GitHub/macOS_headers/macOS/PrivateFrameworks/PassKitMacHelper/92
PassKitMacHelper : 92
Dumping headers for : /System/Library/PrivateFrameworks/PassKitMacHelper.framework
Successfully dumped unprotected file

/Users/w0lf/Documents/GitHub/macOS_headers/macOS/PrivateFrameworks/PhotoAnalysis/23
PhotoAnalysis : 23
Dumping headers for : /System/Library/PrivateFrameworks/PhotoAnalysis.framework
Successfully dumped unprotected file

/Users/w0lf/Documents/GitHub/macOS_headers/macOS/PrivateFrameworks/PhotosGraph/23
PhotosGraph : 23
Dumping headers for : /System/Library/PrivateFrameworks/PhotosGraph.framework
Successfully dumped unprotected file

/Users/w0lf/Documents/GitHub/macOS_headers/macOS/PrivateFrameworks/PhotosUIApps/23
PhotosUIApps : 23
Dumping headers for : /System/Library/PrivateFrameworks/PhotosUIApps.framework
Successfully dumped unprotected file

/Users/w0lf/Documents/GitHub/macOS_headers/macOS/PrivateFrameworks/RemindersUICore/471
RemindersUICore : 471
Dumping headers for : /System/Library/PrivateFrameworks/RemindersUICore.framework
Successfully dumped unprotected file

/Users/w0lf/Documents/GitHub/macOS_headers/macOS/PrivateFrameworks/ScreenReader/7
ScreenReader : 7
Dumping headers for : /System/Library/PrivateFrameworks/ScreenReader.framework
Successfully dumped unprotected file

/Users/w0lf/Documents/GitHub/macOS_headers/macOS/PrivateFrameworks/ScreenReaderCore/7
ScreenReaderCore : 7
Dumping headers for : /System/Library/PrivateFrameworks/ScreenReaderCore.framework
Successfully dumped unprotected file

/Users/w0lf/Documents/GitHub/macOS_headers/macOS/PrivateFrameworks/SetupAssistantFramework/31
SetupAssistantFramework : 31
Dumping headers for : /System/Library/PrivateFrameworks/SetupAssistantFramework.framework
Successfully dumped unprotected file

/Users/w0lf/Documents/GitHub/macOS_headers/macOS/PrivateFrameworks/ShoveService/2
ShoveService : 2
Dumping headers for : /System/Library/PrivateFrameworks/ShoveService.framework
Successfully dumped unprotected file

/Users/w0lf/Documents/GitHub/macOS_headers/macOS/PrivateFrameworks/SiriFoundation/36
SiriFoundation : 36
Dumping headers for : /System/Library/PrivateFrameworks/SiriFoundation.framework
Successfully dumped unprotected file

/Users/w0lf/Documents/GitHub/macOS_headers/macOS/PrivateFrameworks/SiriUI/36
SiriUI : 36
Dumping headers for : /System/Library/PrivateFrameworks/SiriUI.framework
Successfully dumped unprotected file

/Users/w0lf/Documents/GitHub/macOS_headers/macOS/PrivateFrameworks/SocialAppsCore/11
SocialAppsCore : 11
Dumping headers for : /System/Library/PrivateFrameworks/SocialAppsCore.framework
Successfully dumped unprotected file

/Users/w0lf/Documents/GitHub/macOS_headers/macOS/PrivateFrameworks/SocialUI/11
SocialUI : 11
Dumping headers for : /System/Library/PrivateFrameworks/SocialUI.framework
Successfully dumped unprotected file

/Users/w0lf/Documents/GitHub/macOS_headers/macOS/PrivateFrameworks/SoftwareUpdateCore/12
SoftwareUpdateCore : 12
Dumping headers for : /System/Library/PrivateFrameworks/SoftwareUpdateCore.framework
Successfully dumped unprotected file

/Users/w0lf/Documents/GitHub/macOS_headers/macOS/PrivateFrameworks/SoftwareUpdateCoreConnect/12
SoftwareUpdateCoreConnect : 12
Dumping headers for : /System/Library/PrivateFrameworks/SoftwareUpdateCoreConnect.framework
Successfully dumped unprotected file

/Users/w0lf/Documents/GitHub/macOS_headers/macOS/PrivateFrameworks/SoftwareUpdateCoreSupport/12
SoftwareUpdateCoreSupport : 12
Dumping headers for : /System/Library/PrivateFrameworks/SoftwareUpdateCoreSupport.framework
Successfully dumped unprotected file

/Users/w0lf/Documents/GitHub/macOS_headers/macOS/PrivateFrameworks/SoftwareUpdateMacController/86
SoftwareUpdateMacController : 86
Dumping headers for : /System/Library/PrivateFrameworks/SoftwareUpdateMacController.framework
Successfully dumped unprotected file

/Users/w0lf/Documents/GitHub/macOS_headers/macOS/PrivateFrameworks/StorageKit/729
StorageKit : 729
Dumping headers for : /System/Library/PrivateFrameworks/StorageKit.framework
Successfully dumped unprotected file

/Users/w0lf/Documents/GitHub/macOS_headers/macOS/PrivateFrameworks/StoreFoundation/2
StoreFoundation : 2
Dumping headers for : /System/Library/PrivateFrameworks/StoreFoundation.framework
Successfully dumped unprotected file

/Users/w0lf/Documents/GitHub/macOS_headers/macOS/PrivateFrameworks/StoreJavaScript/2
StoreJavaScript : 2
Dumping headers for : /System/Library/PrivateFrameworks/StoreJavaScript.framework
Successfully dumped unprotected file

/Users/w0lf/Documents/GitHub/macOS_headers/macOS/PrivateFrameworks/StoreUI/2
StoreUI : 2
Dumping headers for : /System/Library/PrivateFrameworks/StoreUI.framework
Successfully dumped unprotected file

/Users/w0lf/Documents/GitHub/macOS_headers/macOS/PrivateFrameworks/SystemAdministration/33
SystemAdministration : 33
Dumping headers for : /System/Library/PrivateFrameworks/SystemAdministration.framework
Successfully dumped unprotected file

/Users/w0lf/Documents/GitHub/macOS_headers/macOS/PrivateFrameworks/SystemDesktopAppearance/9
SystemDesktopAppearance : 9
Dumping headers for : /System/Library/PrivateFrameworks/SystemDesktopAppearance.framework
Successfully dumped unprotected file

/Users/w0lf/Documents/GitHub/macOS_headers/macOS/PrivateFrameworks/UARPiCloud/180
UARPiCloud : 180
Dumping headers for : /System/Library/PrivateFrameworks/UARPiCloud.framework
Successfully dumped unprotected file

/Users/w0lf/Documents/GitHub/macOS_headers/macOS/PrivateFrameworks/UIKitServices/2
UIKitServices : 2
Dumping headers for : /System/Library/PrivateFrameworks/UIKitServices.framework
Successfully dumped unprotected file

/Users/w0lf/Documents/GitHub/macOS_headers/macOS/PrivateFrameworks/WebContentAnalysis/1570
WebContentAnalysis : 1570
Dumping headers for : /System/Library/PrivateFrameworks/WebContentAnalysis.framework
Successfully dumped unprotected file

/Users/w0lf/Documents/GitHub/macOS_headers/macOS/PrivateFrameworks/WebFilterDNS/1570
WebFilterDNS : 1570
Dumping headers for : /System/Library/PrivateFrameworks/WebFilterDNS.framework
Successfully dumped unprotected file

/Users/w0lf/Documents/GitHub/macOS_headers/macOS/PrivateFrameworks/XARTRecovery/227
XARTRecovery : 227
Dumping headers for : /System/Library/PrivateFrameworks/XARTRecovery.framework
Successfully dumped unprotected file

/Users/w0lf/Documents/GitHub/macOS_headers/macOS/PrivateFrameworks/acfsSupport/10
acfsSupport : 10
Dumping headers for : /System/Library/PrivateFrameworks/acfsSupport.framework
Successfully dumped unprotected file

/Users/w0lf/Documents/GitHub/macOS_headers/macOS/PrivateFrameworks/apfs_boot_mount/4
apfs_boot_mount : 4
Dumping headers for : /System/Library/PrivateFrameworks/apfs_boot_mount.framework
Successfully dumped unprotected file

/Users/w0lf/Documents/GitHub/macOS_headers/macOS/PrivateFrameworks/nt/24
nt : 24
Dumping headers for : /System/Library/PrivateFrameworks/nt.framework
Successfully dumped unprotected file

/Users/w0lf/Documents/GitHub/macOS_headers/macOS/CoreServices/AirPlayUIAgent/527.1
AirPlayUIAgent : 527.1
Dumping headers for : /System/Library/CoreServices/AirPlayUIAgent.app
Successfully dumped unprotected file

/Users/w0lf/Documents/GitHub/macOS_headers/macOS/CoreServices/ControlCenter/140
ControlCenter : 140
Dumping headers for : /System/Library/CoreServices/ControlCenter.app
Successfully dumped unprotected file

/Users/w0lf/Documents/GitHub/macOS_headers/macOS/CoreServices/CoreLocationAgent/2420.8.10.3.1
CoreLocationAgent : 2420.8.10.3.1
Dumping headers for : /System/Library/CoreServices/CoreLocationAgent.app
Successfully dumped unprotected file

/Users/w0lf/Documents/GitHub/macOS_headers/macOS/CoreServices/Dock/2092
Dock : 2092
Dumping headers for : /System/Library/CoreServices/Dock.app
Tyring to dump protected file /System/Library/CoreServices/Dock.app...
Successfully dumped protected file

/Users/w0lf/Documents/GitHub/macOS_headers/macOS/CoreServices/Install in Progress/1028.1
Install in Progress : 1028.1
Dumping headers for : /System/Library/CoreServices/Install in Progress.app
Successfully dumped unprotected file

/Users/w0lf/Documents/GitHub/macOS_headers/macOS/CoreServices/Installer Progress/592
Installer Progress : 592
Dumping headers for : /System/Library/CoreServices/Installer Progress.app
Successfully dumped unprotected file

/Users/w0lf/Documents/GitHub/macOS_headers/macOS/CoreServices/Language Chooser/622
Language Chooser : 622
Dumping headers for : /System/Library/CoreServices/Language Chooser.app
Successfully dumped unprotected file

/Users/w0lf/Documents/GitHub/macOS_headers/macOS/CoreServices/NotificationCenter/1108.10.3
NotificationCenter : 1108.10.3
Dumping headers for : /System/Library/CoreServices/NotificationCenter.app
Successfully dumped unprotected file

/Users/w0lf/Documents/GitHub/macOS_headers/macOS/CoreServices/Setup Assistant/3054
Setup Assistant : 3054
Dumping headers for : /System/Library/CoreServices/Setup Assistant.app
Successfully dumped unprotected file

/Users/w0lf/Documents/GitHub/macOS_headers/macOS/CoreServices/Siri/201.1.13
Siri : 201.1.13
Dumping headers for : /System/Library/CoreServices/Siri.app
Successfully dumped unprotected file

/Users/w0lf/Documents/GitHub/macOS_headers/macOS/CoreServices/Software Update/1412.1
Software Update : 1412.1
Dumping headers for : /System/Library/CoreServices/Software Update.app
Successfully dumped unprotected file

/Users/w0lf/Documents/GitHub/macOS_headers/macOS/CoreServices/Spotlight/2149.9
Spotlight : 2149.9
Dumping headers for : /System/Library/CoreServices/Spotlight.app
Successfully dumped unprotected file

/Users/w0lf/Documents/GitHub/macOS_headers/macOS/CoreServices/UIKitSystem/235
UIKitSystem : 235
Dumping headers for : /System/Library/CoreServices/UIKitSystem.app
Successfully dumped unprotected file

/Users/w0lf/Documents/GitHub/macOS_headers/macOS/CoreServices/UniversalAccessControl/535
UniversalAccessControl : 535
Dumping headers for : /System/Library/CoreServices/UniversalAccessControl.app
Successfully dumped unprotected file

/Users/w0lf/Documents/GitHub/macOS_headers/macOS/CoreServices/VoiceOver/761.2
VoiceOver : 761.2
Dumping headers for : /System/Library/CoreServices/VoiceOver.app
Successfully dumped unprotected file

/Users/w0lf/Documents/GitHub/macOS_headers/macOS/iOSSupport/Frameworks/AVKit/10
AVKit : 10
Dumping headers for : /System/iOSSupport/System/Library/Frameworks/AVKit.framework
Successfully dumped unprotected file

/Users/w0lf/Documents/GitHub/macOS_headers/macOS/iOSSupport/Frameworks/AssetsLibrary/24
AssetsLibrary : 24
Dumping headers for : /System/iOSSupport/System/Library/Frameworks/AssetsLibrary.framework
Successfully dumped unprotected file

/Users/w0lf/Documents/GitHub/macOS_headers/macOS/iOSSupport/Frameworks/CoreAudioKit/39
CoreAudioKit : 39
Dumping headers for : /System/iOSSupport/System/Library/Frameworks/CoreAudioKit.framework
Successfully dumped unprotected file

/Users/w0lf/Documents/GitHub/macOS_headers/macOS/iOSSupport/Frameworks/Messages/11
Messages : 11
Dumping headers for : /System/iOSSupport/System/Library/Frameworks/Messages.framework
Successfully dumped unprotected file

/Users/w0lf/Documents/GitHub/macOS_headers/macOS/iOSSupport/Frameworks/MobileCoreServices/4
MobileCoreServices : 4
Dumping headers for : /System/iOSSupport/System/Library/Frameworks/MobileCoreServices.framework
Successfully dumped unprotected file

/Users/w0lf/Documents/GitHub/macOS_headers/macOS/iOSSupport/Frameworks/OpenGLES/4
OpenGLES : 4
Dumping headers for : /System/iOSSupport/System/Library/Frameworks/OpenGLES.framework
Successfully dumped unprotected file

/Users/w0lf/Documents/GitHub/macOS_headers/macOS/iOSSupport/Frameworks/PassKit/92
PassKit : 92
Dumping headers for : /System/iOSSupport/System/Library/Frameworks/PassKit.framework
Successfully dumped unprotected file

/Users/w0lf/Documents/GitHub/macOS_headers/macOS/iOSSupport/Frameworks/PhotosUI/24
PhotosUI : 24
Dumping headers for : /System/iOSSupport/System/Library/Frameworks/PhotosUI.framework
Successfully dumped unprotected file

/Users/w0lf/Documents/GitHub/macOS_headers/macOS/iOSSupport/Frameworks/RealityKit/27
RealityKit : 27
Dumping headers for : /System/iOSSupport/System/Library/Frameworks/RealityKit.framework
Successfully dumped unprotected file

/Users/w0lf/Documents/GitHub/macOS_headers/macOS/iOSSupport/Frameworks/WidgetKit/2
WidgetKit : 2
Dumping headers for : /System/iOSSupport/System/Library/Frameworks/WidgetKit.framework
Successfully dumped unprotected file

/Users/w0lf/Documents/GitHub/macOS_headers/macOS/iOSSupport/Frameworks/_AVKit_SwiftUI/11
_AVKit_SwiftUI : 11
Dumping headers for : /System/iOSSupport/System/Library/Frameworks/_AVKit_SwiftUI.framework
Successfully dumped unprotected file

/Users/w0lf/Documents/GitHub/macOS_headers/macOS/iOSSupport/Frameworks/_AuthenticationServices_SwiftUI/2
_AuthenticationServices_SwiftUI : 2
Dumping headers for : /System/iOSSupport/System/Library/Frameworks/_AuthenticationServices_SwiftUI.framework
Successfully dumped unprotected file

/Users/w0lf/Documents/GitHub/macOS_headers/macOS/iOSSupport/Frameworks/_MapKit_SwiftUI/490
_MapKit_SwiftUI : 490
Dumping headers for : /System/iOSSupport/System/Library/Frameworks/_MapKit_SwiftUI.framework
Successfully dumped unprotected file

/Users/w0lf/Documents/GitHub/macOS_headers/macOS/iOSSupport/Frameworks/_SceneKit_SwiftUI/524
_SceneKit_SwiftUI : 524
Dumping headers for : /System/iOSSupport/System/Library/Frameworks/_SceneKit_SwiftUI.framework
Successfully dumped unprotected file

/Users/w0lf/Documents/GitHub/macOS_headers/macOS/iOSSupport/Frameworks/_SpriteKit_SwiftUI/535
_SpriteKit_SwiftUI : 535
Dumping headers for : /System/iOSSupport/System/Library/Frameworks/_SpriteKit_SwiftUI.framework
Successfully dumped unprotected file

/Users/w0lf/Documents/GitHub/macOS_headers/macOS/iOSSupport/PrivateFrameworks/AVKitMacHelper/10
AVKitMacHelper : 10
Dumping headers for : /System/iOSSupport/System/Library/PrivateFrameworks/AVKitMacHelper.framework
Successfully dumped unprotected file

/Users/w0lf/Documents/GitHub/macOS_headers/macOS/iOSSupport/PrivateFrameworks/ActionKitUI/387
ActionKitUI : 387
Dumping headers for : /System/iOSSupport/System/Library/PrivateFrameworks/ActionKitUI.framework
Successfully dumped unprotected file

/Users/w0lf/Documents/GitHub/macOS_headers/macOS/iOSSupport/PrivateFrameworks/AppleMediaServicesUI/2
AppleMediaServicesUI : 2
Dumping headers for : /System/iOSSupport/System/Library/PrivateFrameworks/AppleMediaServicesUI.framework
Successfully dumped unprotected file

/Users/w0lf/Documents/GitHub/macOS_headers/macOS/iOSSupport/PrivateFrameworks/AppleMediaServicesUIDynamic/2
AppleMediaServicesUIDynamic : 2
Dumping headers for : /System/iOSSupport/System/Library/PrivateFrameworks/AppleMediaServicesUIDynamic.framework
Successfully dumped unprotected file

/Users/w0lf/Documents/GitHub/macOS_headers/macOS/iOSSupport/PrivateFrameworks/ChatKit/11
ChatKit : 11
Dumping headers for : /System/iOSSupport/System/Library/PrivateFrameworks/ChatKit.framework
Successfully dumped unprotected file

/Users/w0lf/Documents/GitHub/macOS_headers/macOS/iOSSupport/PrivateFrameworks/ChronoKit/2
ChronoKit : 2
Dumping headers for : /System/iOSSupport/System/Library/PrivateFrameworks/ChronoKit.framework
Successfully dumped unprotected file

/Users/w0lf/Documents/GitHub/macOS_headers/macOS/iOSSupport/PrivateFrameworks/GameCenterUI/170
GameCenterUI : 170
Dumping headers for : /System/iOSSupport/System/Library/PrivateFrameworks/GameCenterUI.framework
Successfully dumped unprotected file

/Users/w0lf/Documents/GitHub/macOS_headers/macOS/iOSSupport/PrivateFrameworks/IMSharedUI/11
IMSharedUI : 11
Dumping headers for : /System/iOSSupport/System/Library/PrivateFrameworks/IMSharedUI.framework
Successfully dumped unprotected file

/Users/w0lf/Documents/GitHub/macOS_headers/macOS/iOSSupport/PrivateFrameworks/JetEngine/2
JetEngine : 2
Dumping headers for : /System/iOSSupport/System/Library/PrivateFrameworks/JetEngine.framework
Successfully dumped unprotected file

/Users/w0lf/Documents/GitHub/macOS_headers/macOS/iOSSupport/PrivateFrameworks/JetUI/2
JetUI : 2
Dumping headers for : /System/iOSSupport/System/Library/PrivateFrameworks/JetUI.framework
Successfully dumped unprotected file

/Users/w0lf/Documents/GitHub/macOS_headers/macOS/iOSSupport/PrivateFrameworks/NewsAds/25
NewsAds : 25
Dumping headers for : /System/iOSSupport/System/Library/PrivateFrameworks/NewsAds.framework
Successfully dumped unprotected file

/Users/w0lf/Documents/GitHub/macOS_headers/macOS/iOSSupport/PrivateFrameworks/NewsAnalytics/25
NewsAnalytics : 25
Dumping headers for : /System/iOSSupport/System/Library/PrivateFrameworks/NewsAnalytics.framework
Successfully dumped unprotected file

/Users/w0lf/Documents/GitHub/macOS_headers/macOS/iOSSupport/PrivateFrameworks/NewsAppKit/25
NewsAppKit : 25
Dumping headers for : /System/iOSSupport/System/Library/PrivateFrameworks/NewsAppKit.framework
Successfully dumped unprotected file

/Users/w0lf/Documents/GitHub/macOS_headers/macOS/iOSSupport/PrivateFrameworks/NewsArticles/25
NewsArticles : 25
Dumping headers for : /System/iOSSupport/System/Library/PrivateFrameworks/NewsArticles.framework
Successfully dumped unprotected file

/Users/w0lf/Documents/GitHub/macOS_headers/macOS/iOSSupport/PrivateFrameworks/NewsFeed/25
NewsFeed : 25
Dumping headers for : /System/iOSSupport/System/Library/PrivateFrameworks/NewsFeed.framework
Successfully dumped unprotected file

/Users/w0lf/Documents/GitHub/macOS_headers/macOS/iOSSupport/PrivateFrameworks/NewsPersonalization/25
NewsPersonalization : 25
Dumping headers for : /System/iOSSupport/System/Library/PrivateFrameworks/NewsPersonalization.framework
Successfully dumped unprotected file

/Users/w0lf/Documents/GitHub/macOS_headers/macOS/iOSSupport/PrivateFrameworks/NewsSubscription/25
NewsSubscription : 25
Dumping headers for : /System/iOSSupport/System/Library/PrivateFrameworks/NewsSubscription.framework
Successfully dumped unprotected file

/Users/w0lf/Documents/GitHub/macOS_headers/macOS/iOSSupport/PrivateFrameworks/NewsUI2/25
NewsUI2 : 25
Dumping headers for : /System/iOSSupport/System/Library/PrivateFrameworks/NewsUI2.framework
Successfully dumped unprotected file

/Users/w0lf/Documents/GitHub/macOS_headers/macOS/iOSSupport/PrivateFrameworks/PhotoLibrary/24
PhotoLibrary : 24
Dumping headers for : /System/iOSSupport/System/Library/PrivateFrameworks/PhotoLibrary.framework
Successfully dumped unprotected file

/Users/w0lf/Documents/GitHub/macOS_headers/macOS/iOSSupport/PrivateFrameworks/PhotosPlayer/24
PhotosPlayer : 24
Dumping headers for : /System/iOSSupport/System/Library/PrivateFrameworks/PhotosPlayer.framework
Successfully dumped unprotected file

/Users/w0lf/Documents/GitHub/macOS_headers/macOS/iOSSupport/PrivateFrameworks/PhotosUICore/24
PhotosUICore : 24
Dumping headers for : /System/iOSSupport/System/Library/PrivateFrameworks/PhotosUICore.framework
Successfully dumped unprotected file

/Users/w0lf/Documents/GitHub/macOS_headers/macOS/iOSSupport/PrivateFrameworks/PromotedContent/185
PromotedContent : 185
Dumping headers for : /System/iOSSupport/System/Library/PrivateFrameworks/PromotedContent.framework
Successfully dumped unprotected file

/Users/w0lf/Documents/GitHub/macOS_headers/macOS/iOSSupport/PrivateFrameworks/PromotedContentUI/185
PromotedContentUI : 185
Dumping headers for : /System/iOSSupport/System/Library/PrivateFrameworks/PromotedContentUI.framework
Successfully dumped unprotected file

/Users/w0lf/Documents/GitHub/macOS_headers/macOS/iOSSupport/PrivateFrameworks/TeaSnappy/9
TeaSnappy : 9
Dumping headers for : /System/iOSSupport/System/Library/PrivateFrameworks/TeaSnappy.framework
Successfully dumped unprotected file

/Users/w0lf/Documents/GitHub/macOS_headers/macOS/iOSSupport/PrivateFrameworks/TeaUIKit/9
TeaUIKit : 9
Dumping headers for : /System/iOSSupport/System/Library/PrivateFrameworks/TeaUIKit.framework
Successfully dumped unprotected file

/Users/w0lf/Documents/GitHub/macOS_headers/macOS/iOSSupport/PrivateFrameworks/Weather/325
Weather : 325
Dumping headers for : /System/iOSSupport/System/Library/PrivateFrameworks/Weather.framework
Successfully dumped unprotected file

/Users/w0lf/Documents/GitHub/macOS_headers/macOS/iOSSupport/PrivateFrameworks/WeatherCharts/325
WeatherCharts : 325
Dumping headers for : /System/iOSSupport/System/Library/PrivateFrameworks/WeatherCharts.framework
Successfully dumped unprotected file

/Users/w0lf/Documents/GitHub/macOS_headers/macOS/iOSSupport/PrivateFrameworks/WorkflowEditor/387
WorkflowEditor : 387
Dumping headers for : /System/iOSSupport/System/Library/PrivateFrameworks/WorkflowEditor.framework
Successfully dumped unprotected file

/Users/w0lf/Documents/GitHub/macOS_headers/macOS/iOSSupport/PrivateFrameworks/WorkflowUI/387
WorkflowUI : 387
Dumping headers for : /System/iOSSupport/System/Library/PrivateFrameworks/WorkflowUI.framework
Successfully dumped unprotected file

/Users/w0lf/Documents/GitHub/macOS_headers/macOS/iOSSupport/PrivateFrameworks/WorkflowUICore/387
WorkflowUICore : 387
Dumping headers for : /System/iOSSupport/System/Library/PrivateFrameworks/WorkflowUICore.framework
Successfully dumped unprotected file

/Users/w0lf/Documents/GitHub/macOS_headers/macOS/iOSSupport/PrivateFrameworks/XavierCore/25
XavierCore : 25
Dumping headers for : /System/iOSSupport/System/Library/PrivateFrameworks/XavierCore.framework
Successfully dumped unprotected file

/Users/w0lf/Documents/GitHub/macOS_headers/macOS/iOSSupport/PrivateFrameworks/XavierNews/25
XavierNews : 25
Dumping headers for : /System/iOSSupport/System/Library/PrivateFrameworks/XavierNews.framework
Successfully dumped unprotected file


Publishing...
/Users/w0lf/Documents/GitHub/macOS_headers
Already up to date.
